Using pre-set license
Built from '2020.3/staging' branch; Version is '2020.3.20f1 (41c4e627c95f) revision 4310246'; Using compiler version '192528614'; Build Type 'Release'
OS: 'Windows 10 Home Single Language; OS build 19044.1526; Version 2009; 64bit' Language: 'en' Physical Memory: 3977 MB
BatchMode: 1, IsHumanControllingUs: 0, StartBugReporterOnCrash: 0, Is64bit: 1, IsPro: 0

COMMAND LINE ARGUMENTS:
C:\Program Files\Unity\Hub\Editor\2020.3.20f1\Editor\Unity.exe
-adb2
-batchMode
-noUpm
-name
AssetImportWorker1
-projectPath
D:/Users/ASUS/Documents/SEMESTER 5 SUBJECTS/SKM4313 - AR/AR PROJECTS/AR Project Unity Package/AR Project
-logFile
Logs/AssetImportWorker1.log
-srvPort
59649
Successfully changed project path to: D:/Users/ASUS/Documents/SEMESTER 5 SUBJECTS/SKM4313 - AR/AR PROJECTS/AR Project Unity Package/AR Project
D:/Users/ASUS/Documents/SEMESTER 5 SUBJECTS/SKM4313 - AR/AR PROJECTS/AR Project Unity Package/AR Project
Using Asset Import Pipeline V2.
Refreshing native plugins compatible for Editor in 9634.77 ms, found 5 plugins.
Preloading 2 native plugins for Editor in 97.59 ms.
Initialize engine version: 2020.3.20f1 (41c4e627c95f)
[Subsystems] Discovering subsystems at path C:/Program Files/Unity/Hub/Editor/2020.3.20f1/Editor/Data/Resources/UnitySubsystems
[Subsystems] Discovering subsystems at path D:/Users/ASUS/Documents/SEMESTER 5 SUBJECTS/SKM4313 - AR/AR PROJECTS/AR Project Unity Package/AR Project/Assets
GfxDevice: creating device client; threaded=0
Direct3D:
    Version:  Direct3D 11.0 [level 11.0]
    Renderer: NVIDIA GeForce MX130 (ID=0x174d)
    Vendor:   
    VRAM:     2010 MB
    Driver:   27.21.14.6231
Initialize mono
Mono path[0] = 'C:/Program Files/Unity/Hub/Editor/2020.3.20f1/Editor/Data/Managed'
Mono path[1] = 'C:/Program Files/Unity/Hub/Editor/2020.3.20f1/Editor/Data/MonoBleedingEdge/lib/mono/unityjit'
Mono config path = 'C:/Program Files/Unity/Hub/Editor/2020.3.20f1/Editor/Data/MonoBleedingEdge/etc'
Using monoOptions --debugger-agent=transport=dt_socket,embedding=1,server=y,suspend=n,address=127.0.0.1:56348
Begin MonoManager ReloadAssembly
