Using pre-set license
Built from '2020.3/staging' branch; Version is '2020.3.20f1 (41c4e627c95f) revision 4310246'; Using compiler version '192528614'; Build Type 'Release'
OS: 'Windows 10 Home Single Language; OS build 19044.1526; Version 2009; 64bit' Language: 'en' Physical Memory: 3977 MB
BatchMode: 1, IsHumanControllingUs: 0, StartBugReporterOnCrash: 0, Is64bit: 1, IsPro: 0

COMMAND LINE ARGUMENTS:
C:\Program Files\Unity\Hub\Editor\2020.3.20f1\Editor\Unity.exe
-adb2
-batchMode
-noUpm
-name
AssetImportWorker0
-projectPath
D:/Users/ASUS/Documents/SEMESTER 5 SUBJECTS/SKM4313 - AR/AR PROJECTS/AR Project Unity Package/AR Project
-logFile
Logs/AssetImportWorker0.log
-srvPort
59649
Successfully changed project path to: D:/Users/ASUS/Documents/SEMESTER 5 SUBJECTS/SKM4313 - AR/AR PROJECTS/AR Project Unity Package/AR Project
D:/Users/ASUS/Documents/SEMESTER 5 SUBJECTS/SKM4313 - AR/AR PROJECTS/AR Project Unity Package/AR Project
Using Asset Import Pipeline V2.
